[29Jan2026 00:00:19.043] [Server thread/INFO] [net.minecraft.server.MinecraftServer/]: [iJFC: Set own game mode to Survival Mode]
[29Jan2026 00:00:20.299] [Server thread/INFO] [net.minecraft.server.MinecraftServer/]: [iJFC: Set own game mode to Spectator Mode]
[29Jan2026 00:00:22.648] [Server thread/INFO] [net.minecraft.server.MinecraftServer/]: [iJFC: Set own game mode to Survival Mode]
[29Jan2026 00:00:29.095] [Server thread/INFO] [net.minecraft.server.MinecraftServer/]: iJFC has made the advancement [Not Today, Thank You]
[29Jan2026 00:00:41.662] [Server thread/INFO] [net.minecraft.server.MinecraftServer/]: [iJFC: Set own game mode to Spectator Mode]
[29Jan2026 00:00:44.607] [Server thread/INFO] [net.minecraft.server.MinecraftServer/]: [iJFC: Teleported iJFC to uekee340]
[29Jan2026 00:00:46.392] [Server thread/INFO] [net.minecraft.server.MinecraftServer/]: [iJFC: Set own game mode to Survival Mode]
[29Jan2026 00:01:24.037] [Server thread/INFO] [net.minecraft.world.entity.npc.Villager/]: Villager Villager['Leatherworker'/441642, l='ServerLevel[world]', x=394.40, y=65.16, z=-727.75] died, message: 'Leatherworker tried to swim in lava'
[29Jan2026 00:01:36.638] [Server thread/INFO] [net.minecraft.world.entity.npc.Villager/]: Villager Villager['Unemployed'/442074, l='ServerLevel[world]', x=297.73, y=170.16, z=-711.25] died, message: 'Unemployed was chomped by Wither Storm'
[29Jan2026 00:01:46.964] [Server thread/INFO] [net.minecraft.server.MinecraftServer/]: [iJFC: Set own game mode to Spectator Mode]
[29Jan2026 00:02:06.398] [Server thread/INFO] [net.minecraft.server.MinecraftServer/]: [iJFC: Teleported iJFC to uekee340]
[29Jan2026 00:02:08.998] [Server thread/INFO] [net.minecraft.server.MinecraftServer/]: [iJFC: Set own game mode to Survival Mode]
[29Jan2026 00:02:10.313] [Server thread/INFO] [net.minecraft.server.MinecraftServer/]: [iJFC: Set own game mode to Spectator Mode]
[29Jan2026 00:02:11.945] [Server thread/INFO] [net.minecraft.server.MinecraftServer/]: [iJFC: Set own game mode to Survival Mode]
[29Jan2026 00:02:48.843] [Server thread/INFO] [net.minecraft.server.MinecraftServer/]: [iJFC: Set own game mode to Spectator Mode]
[29Jan2026 00:02:54.672] [Server thread/INFO] [net.minecraft.server.MinecraftServer/]: [iJFC: Set own game mode to Survival Mode]
[29Jan2026 00:03:40.843] [Server thread/INFO] [net.minecraft.server.MinecraftServer/]: uekee340 has made the advancement [Diamonds!]
[29Jan2026 00:04:35.838] [Server thread/INFO] [net.minecraft.world.entity.npc.Villager/]: Villager Villager['Unemployed'/442061, l='ServerLevel[world]', x=469.30, y=55.00, z=-694.17] died, message: 'Unemployed hit the ground too hard'
[29Jan2026 00:04:36.935] [Server thread/INFO] [net.minecraft.world.entity.npc.Villager/]: Villager Villager['Leatherworker'/440402, l='ServerLevel[world]', x=460.68, y=59.00, z=-694.61] died, message: 'Leatherworker hit the ground too hard'
[29Jan2026 00:05:59.795] [Server thread/INFO] [net.minecraft.server.MinecraftServer/]: [iJFC: Set sanity to 100.0 for 3 players]
[29Jan2026 00:06:11.801] [Server thread/INFO] [net.minecraft.server.MinecraftServer/]: iJFC has made the advancement [Diamonds!]
[29Jan2026 00:06:15.995] [Server thread/INFO] [net.minecraft.server.MinecraftServer/]: [iJFC: Teleported uekee340 to iJFC]
[29Jan2026 00:07:54.846] [Server thread/INFO] [net.minecraft.server.MinecraftServer/]: [iJFC: Set own game mode to Spectator Mode]
[29Jan2026 00:07:56.194] [Server thread/INFO] [net.minecraft.server.MinecraftServer/]: [iJFC: Set own game mode to Survival Mode]
[29Jan2026 00:07:57.248] [Server thread/INFO] [net.minecraft.server.MinecraftServer/]: [iJFC: Set own game mode to Spectator Mode]
[29Jan2026 00:08:18.498] [Server thread/INFO] [net.minecraft.server.MinecraftServer/]: [iJFC: Set sanity to 100.0 for 3 players]
[29Jan2026 00:08:25.539] [Server thread/INFO] [net.minecraft.server.MinecraftServer/]: [iJFC: Set own game mode to Survival Mode]
[29Jan2026 00:08:28.557] [Server thread/INFO] [net.minecraft.server.MinecraftServer/]: [iJFC: Teleported king_by2002 to iJFC]
[29Jan2026 00:09:15.492] [Server thread/INFO] [net.minecraft.server.MinecraftServer/]: [iJFC: Set own game mode to Spectator Mode]
[29Jan2026 00:09:22.810] [Server thread/INFO] [net.minecraft.server.MinecraftServer/]: [iJFC: Set own game mode to Survival Mode]
[29Jan2026 00:09:38.694] [Server thread/INFO] [net.minecraft.server.MinecraftServer/]: [iJFC: Set own game mode to Spectator Mode]
[29Jan2026 00:09:40.000] [Server thread/INFO] [net.minecraft.server.MinecraftServer/]: [iJFC: Set own game mode to Survival Mode]
[29Jan2026 00:09:47.410] [Server thread/INFO] [net.minecraft.server.MinecraftServer/]: [iJFC: Set own game mode to Creative Mode]
[29Jan2026 00:09:51.893] [Server thread/INFO] [net.minecraft.server.MinecraftServer/]: [iJFC: Set own game mode to Survival Mode]
[29Jan2026 00:10:54.485] [Server thread/INFO] [net.minecraft.server.MinecraftServer/]: uekee340 has made the advancement [Cover Me with Diamonds]
[29Jan2026 00:14:11.300] [Server thread/INFO] [net.minecraft.server.MinecraftServer/]: [iJFC: Teleported iJFC to uekee340]
[29Jan2026 00:14:40.115] [Server thread/INFO] [net.minecraft.server.MinecraftServer/]: [iJFC: Applied effect Night Vision to uekee340]
[29Jan2026 00:15:08.393] [Server thread/INFO] [net.minecraft.server.MinecraftServer/]: [iJFC: Set own game mode to Creative Mode]
[29Jan2026 00:15:09.610] [Server thread/INFO] [net.minecraft.server.MinecraftServer/]: [iJFC: Set own game mode to Spectator Mode]
[29Jan2026 00:16:10.063] [Server thread/INFO] [net.minecraft.server.MinecraftServer/]: [iJFC: Set own game mode to Creative Mode]
[29Jan2026 00:16:35.295] [Server thread/INFO] [net.minecraft.server.MinecraftServer/]: [iJFC: Teleported iJFC to uekee340]
[29Jan2026 00:16:36.492] [Server thread/INFO] [net.minecraft.server.MinecraftServer/]: [iJFC: Set own game mode to Spectator Mode]
[29Jan2026 00:16:39.336] [Server thread/INFO] [net.minecraft.server.MinecraftServer/]: [iJFC: Set own game mode to Survival Mode]
[29Jan2026 00:17:01.489] [Server thread/INFO] [net.minecraft.server.MinecraftServer/]: [iJFC: Set own game mode to Spectator Mode]
[29Jan2026 00:17:08.345] [Server thread/INFO] [net.minecraft.server.MinecraftServer/]: [iJFC: Set own game mode to Survival Mode]
[29Jan2026 00:17:48.860] [Server thread/INFO] [net.minecraft.server.MinecraftServer/]: [iJFC: Set own game mode to Spectator Mode]
[29Jan2026 00:17:54.853] [Server thread/INFO] [net.minecraft.server.MinecraftServer/]: [iJFC: Set own game mode to Survival Mode]
[29Jan2026 00:18:14.290] [Server thread/INFO] [net.minecraft.server.MinecraftServer/]: [iJFC: Set own game mode to Spectator Mode]
[29Jan2026 00:18:23.442] [Server thread/INFO] [net.minecraft.server.MinecraftServer/]: [iJFC: Teleported iJFC to king_by2002]
[29Jan2026 00:18:27.695] [Server thread/INFO] [net.minecraft.server.MinecraftServer/]: [iJFC: Set own game mode to Survival Mode]
[29Jan2026 00:18:35.749] [Server thread/INFO] [net.minecraft.server.MinecraftServer/]: [iJFC: Set sanity to 100.0 for 3 players]
[29Jan2026 00:19:40.293] [Server thread/INFO] [net.minecraft.server.network.ServerGamePacketListenerImpl/]: iJFC lost connection: Disconnected
[29Jan2026 00:19:40.293] [Server thread/INFO] [net.minecraft.server.MinecraftServer/]: iJFC left the game
[29Jan2026 00:20:34.215] [Server thread/INFO] [net.minecraft.server.MinecraftServer/]: [Not Secure] <king_by2002> 289 -816
[29Jan2026 00:23:53.599] [Server thread/INFO] [net.minecraft.server.players.PlayerList/]: iJFC[/127.193.42.188:40217] logged in with entity id 1197785 at (288.06106612134323, -42.0, -813.185596608852)
[29Jan2026 00:23:53.610] [Server thread/INFO] [net.minecraft.server.MinecraftServer/]: iJFC joined the game
[29Jan2026 00:23:53.646] [Server thread/INFO] [Jade/]: Syncing config to iJFC (b55d212c-8aed-37df-8391-d5c8da7babdb)
[29Jan2026 00:24:12.488] [Server thread/INFO] [net.minecraft.server.MinecraftServer/]: [iJFC: Teleported iJFC to uekee340]
[29Jan2026 00:24:29.998] [Server thread/INFO] [net.minecraft.server.MinecraftServer/]: [iJFC: Set own game mode to Creative Mode]
[29Jan2026 00:24:31.314] [Server thread/INFO] [net.minecraft.server.MinecraftServer/]: [iJFC: Set own game mode to Survival Mode]
[29Jan2026 00:24:32.598] [Server thread/INFO] [net.minecraft.server.MinecraftServer/]: [iJFC: Set own game mode to Spectator Mode]
[29Jan2026 00:24:49.964] [Server thread/INFO] [net.minecraft.server.MinecraftServer/]: [iJFC: Set own game mode to Creative Mode]
[29Jan2026 00:25:34.104] [Server thread/INFO] [net.minecraft.server.MinecraftServer/]: iJFC has made the advancement [I Spy With My Little Eye]
[29Jan2026 00:25:38.451] [Server thread/INFO] [net.minecraft.server.MinecraftServer/]: [iJFC: Set own game mode to Spectator Mode]
[29Jan2026 00:25:40.688] [Server thread/INFO] [net.minecraft.server.MinecraftServer/]: [iJFC: Teleported iJFC to uekee340]
[29Jan2026 00:25:45.666] [Server thread/INFO] [net.minecraft.server.MinecraftServer/]: [iJFC: Set own game mode to Survival Mode]
[29Jan2026 00:26:05.192] [Server thread/INFO] [net.minecraft.server.MinecraftServer/]: [iJFC: Teleported iJFC to king_by2002]
[29Jan2026 00:27:05.601] [Server thread/INFO] [net.minecraft.server.MinecraftServer/]: [iJFC: Teleported iJFC to uekee340]
[29Jan2026 00:27:20.994] [Server thread/INFO] [net.minecraft.server.MinecraftServer/]: [iJFC: Set own game mode to Spectator Mode]
[29Jan2026 00:27:22.098] [Server thread/INFO] [net.minecraft.server.MinecraftServer/]: [iJFC: Set own game mode to Survival Mode]
[29Jan2026 00:27:23.100] [Server thread/INFO] [net.minecraft.server.MinecraftServer/]: [iJFC: Set own game mode to Creative Mode]
[29Jan2026 00:27:35.390] [Server thread/INFO] [net.minecraft.server.MinecraftServer/]: [iJFC: Set own game mode to Survival Mode]
[29Jan2026 00:27:54.445] [Server thread/INFO] [net.minecraft.server.MinecraftServer/]: [iJFC: Teleported iJFC to uekee340]
[29Jan2026 00:28:06.088] [Server thread/INFO] [net.minecraft.server.MinecraftServer/]: [iJFC: Teleported king_by2002 to iJFC]
[29Jan2026 00:28:26.799] [Server thread/INFO] [net.minecraft.server.MinecraftServer/]: [iJFC: Set own game mode to Creative Mode]
[29Jan2026 00:28:31.787] [Server thread/INFO] [net.minecraft.server.MinecraftServer/]: king_by2002 has made the advancement [Diamonds!]
[29Jan2026 00:28:33.715] [Server thread/INFO] [net.minecraft.server.MinecraftServer/]: [iJFC: Set own game mode to Survival Mode]
[29Jan2026 00:28:53.555] [Server thread/INFO] [net.minecraft.server.MinecraftServer/]: iJFC has made the advancement [Cover Me with Diamonds]
[29Jan2026 00:29:31.747] [Server thread/INFO] [net.minecraft.server.MinecraftServer/]: [iJFC: Set own game mode to Creative Mode]
[29Jan2026 00:29:49.587] [Server thread/INFO] [net.minecraft.server.MinecraftServer/]: [iJFC: Set own game mode to Survival Mode]
[29Jan2026 00:30:18.884] [Server thread/INFO] [net.minecraft.server.MinecraftServer/]: [iJFC: Teleported iJFC to king_by2002]
[29Jan2026 00:31:39.541] [Server thread/INFO] [net.minecraft.server.MinecraftServer/]: [iJFC: Set own game mode to Spectator Mode]
[29Jan2026 00:31:58.551] [Server thread/INFO] [net.minecraft.server.MinecraftServer/]: [iJFC: Set own game mode to Survival Mode]
[29Jan2026 00:32:05.407] [Server thread/INFO] [net.minecraft.server.MinecraftServer/]: [iJFC: Set own game mode to Spectator Mode]
[29Jan2026 00:32:07.840] [Server thread/INFO] [net.minecraft.server.MinecraftServer/]: [iJFC: Set own game mode to Creative Mode]
[29Jan2026 00:32:30.761] [Server thread/INFO] [net.minecraft.server.MinecraftServer/]: [iJFC: Set own game mode to Survival Mode]
[29Jan2026 00:32:33.000] [Server thread/INFO] [net.minecraft.server.MinecraftServer/]: [iJFC: Teleported iJFC to uekee340]
[29Jan2026 00:32:44.897] [Server thread/INFO] [net.minecraft.server.MinecraftServer/]: [iJFC: Teleported king_by2002 to iJFC]
[29Jan2026 00:33:08.564] [Server thread/INFO] [net.minecraft.server.MinecraftServer/]: [iJFC: Gave 3 [Golden Apple Stew] to iJFC]
[29Jan2026 00:33:57.659] [Server thread/INFO] [net.minecraft.server.MinecraftServer/]: king_by2002 has made the advancement [I Spy With My Little Eye]
[29Jan2026 00:34:01.930] [Server thread/INFO] [net.minecraft.server.MinecraftServer/]: uekee340 has made the advancement [I Spy With My Little Eye]
[29Jan2026 00:35:16.007] [Server thread/INFO] [net.minecraft.server.MinecraftServer/]: [iJFC: Set own game mode to Creative Mode]
[29Jan2026 00:35:20.293] [Server thread/INFO] [net.minecraft.server.MinecraftServer/]: [iJFC: Set own game mode to Survival Mode]
[29Jan2026 00:37:30.896] [Server thread/INFO] [net.minecraft.server.MinecraftServer/]: king_by2002 was slain by uekee340
[29Jan2026 00:38:55.912] [Server thread/INFO] [net.minecraft.server.MinecraftServer/]: king_by2002 has made the advancement [Cover Me with Diamonds]
[29Jan2026 00:39:02.926] [Server thread/INFO] [net.minecraft.server.MinecraftServer/]: uekee340 was chomped by Wither Storm
[29Jan2026 00:40:14.209] [Server thread/INFO] [net.minecraft.server.MinecraftServer/]: [iJFC: Teleported iJFC to king_by2002]
[29Jan2026 00:40:20.465] [Server thread/INFO] [net.minecraft.server.MinecraftServer/]: [iJFC: Teleported uekee340 to iJFC]
[29Jan2026 00:40:30.433] [Server thread/INFO] [net.minecraft.server.network.ServerGamePacketListenerImpl/]: iJFC lost connection: Disconnected
[29Jan2026 00:40:30.433] [Server thread/INFO] [net.minecraft.server.MinecraftServer/]: iJFC left the game
[29Jan2026 00:40:44.337] [Server thread/INFO] [net.minecraft.server.players.PlayerList/]: iJFC[/127.193.42.188:48635] logged in with entity id 1925504 at (139.6000335862948, 70.0, -16.69999998807907)
[29Jan2026 00:40:44.345] [Server thread/INFO] [net.minecraft.server.MinecraftServer/]: iJFC joined the game
[29Jan2026 00:40:44.374] [Server thread/INFO] [Jade/]: Syncing config to iJFC (b55d212c-8aed-37df-8391-d5c8da7babdb)
[29Jan2026 00:41:51.657] [Server thread/INFO] [net.minecraft.world.entity.npc.Villager/]: Villager Villager['Farmer'/1896900, l='ServerLevel[world]', x=183.14, y=72.00, z=-348.44] died, message: 'Farmer hit the ground too hard'
[29Jan2026 00:41:51.834] [Server thread/INFO] [net.minecraft.world.entity.npc.Villager/]: Villager Villager['Fisherman'/1896903, l='ServerLevel[world]', x=189.54, y=71.00, z=-344.86] died, message: 'Fisherman hit the ground too hard'
[29Jan2026 00:42:20.094] [Server thread/INFO] [net.minecraft.server.MinecraftServer/]: uekee340 was doomed to fall
[29Jan2026 00:42:24.478] [Server thread/INFO] [net.minecraft.world.entity.npc.Villager/]: Villager Villager['Unemployed'/1930778, l='ServerLevel[world]', x=70.94, y=68.00, z=-262.38] died, message: 'Unemployed hit the ground too hard'
[29Jan2026 00:42:24.585] [Server thread/INFO] [net.minecraft.world.entity.npc.Villager/]: Villager Villager['Farmer'/1930781, l='ServerLevel[world]', x=78.84, y=69.00, z=-269.56] died, message: 'Farmer hit the ground too hard'
[29Jan2026 00:43:33.542] [Server thread/INFO] [net.minecraft.server.MinecraftServer/]: [iJFC: Set the time to 1000]
[29Jan2026 00:43:41.649] [Server thread/INFO] [net.minecraft.server.MinecraftServer/]: [iJFC: Gave 1 [Bow] to 3]
[29Jan2026 00:43:49.553] [Server thread/INFO] [net.minecraft.server.MinecraftServer/]: [iJFC: Gave 128 [Arrow] to 3]
[29Jan2026 00:43:50.441] [Server thread/INFO] [net.minecraft.server.MinecraftServer/]: uekee340 has reached the goal [Brushing Shoulders With Death]
[29Jan2026 00:43:53.357] [Server thread/INFO] [net.minecraft.server.MinecraftServer/]: uekee340 was doomed to fall
[29Jan2026 00:44:58.690] [Server thread/INFO] [net.minecraft.server.MinecraftServer/]: iJFC was slain by Man From The Fog
[29Jan2026 00:45:09.659] [Server thread/INFO] [net.minecraft.server.MinecraftServer/]: uekee340 fell from a high place
[29Jan2026 00:46:07.924] [Server thread/INFO] [net.minecraft.server.MinecraftServer/]: iJFC has reached the goal [Brushing Shoulders With Death]
[29Jan2026 00:46:28.538] [Server thread/INFO] [net.minecraft.server.MinecraftServer/]: uekee340 withered away whilst fighting Wither Storm
[29Jan2026 00:46:29.947] [Server thread/WARN] [net.minecraft.server.network.ServerGamePacketListenerImpl/]: uekee340 moved too quickly! 339.0,4.899999999999999,-188.0
[29Jan2026 00:46:58.789] [Server thread/INFO] [croissantnova.sanitydim.SanityMod/]: Applying dimension config example.toml
[29Jan2026 00:46:58.790] [Server thread/INFO] [net.minecraft.server.MinecraftServer/]: [iJFC: Reloaded dimension configs successfully]
[29Jan2026 00:47:28.770] [Server thread/INFO] [net.minecraft.server.MinecraftServer/]: [iJFC: Teleported uekee340 to iJFC]
[29Jan2026 00:47:44.092] [Server thread/INFO] [net.minecraft.server.network.ServerGamePacketListenerImpl/]: iJFC lost connection: Disconnected
[29Jan2026 00:47:44.092] [Server thread/INFO] [net.minecraft.server.MinecraftServer/]: iJFC left the game
[29Jan2026 00:49:51.256] [Worker-Main-2/ERROR] [net.minecraft.world.entity.decoration.HangingEntity/]: Hanging entity at invalid position: BlockPos{x=80, y=-56, z=106}
[29Jan2026 00:49:51.257] [Worker-Main-2/ERROR] [net.minecraft.world.entity.decoration.HangingEntity/]: Hanging entity at invalid position: BlockPos{x=85, y=-56, z=107}
[29Jan2026 00:49:51.257] [Worker-Main-2/ERROR] [net.minecraft.world.entity.decoration.HangingEntity/]: Hanging entity at invalid position: BlockPos{x=85, y=-56, z=112}
[29Jan2026 00:49:51.257] [Worker-Main-2/ERROR] [net.minecraft.world.entity.decoration.HangingEntity/]: Hanging entity at invalid position: BlockPos{x=89, y=-56, z=115}
[29Jan2026 00:49:51.257] [Worker-Main-2/ERROR] [net.minecraft.world.entity.decoration.HangingEntity/]: Hanging entity at invalid position: BlockPos{x=90, y=-56, z=118}
[29Jan2026 00:49:51.292] [Worker-Main-3/ERROR] [net.minecraft.world.entity.decoration.HangingEntity/]: Hanging entity at invalid position: BlockPos{x=79, y=-56, z=103}
[29Jan2026 00:49:55.189] [Worker-Main-3/ERROR] [net.minecraft.world.entity.decoration.HangingEntity/]: Hanging entity at invalid position: BlockPos{x=63, y=-56, z=89}
[29Jan2026 00:49:55.190] [Worker-Main-3/ERROR] [net.minecraft.world.entity.decoration.HangingEntity/]: Hanging entity at invalid position: BlockPos{x=64, y=-56, z=90}
[29Jan2026 00:49:55.190] [Worker-Main-3/ERROR] [net.minecraft.world.entity.decoration.HangingEntity/]: Hanging entity at invalid position: BlockPos{x=66, y=-56, z=92}
[29Jan2026 00:49:55.190] [Worker-Main-3/ERROR] [net.minecraft.world.entity.decoration.HangingEntity/]: Hanging entity at invalid position: BlockPos{x=68, y=-56, z=94}
[29Jan2026 00:49:55.190] [Worker-Main-3/ERROR] [net.minecraft.world.entity.decoration.HangingEntity/]: Hanging entity at invalid position: BlockPos{x=69, y=-56, z=98}
[29Jan2026 00:49:55.190] [Worker-Main-3/ERROR] [net.minecraft.world.entity.decoration.HangingEntity/]: Hanging entity at invalid position: BlockPos{x=70, y=-56, z=101}
[29Jan2026 00:49:55.191] [Worker-Main-3/ERROR] [net.minecraft.world.entity.decoration.HangingEntity/]: Hanging entity at invalid position: BlockPos{x=73, y=-56, z=102}
[29Jan2026 00:49:55.191] [Worker-Main-3/ERROR] [net.minecraft.world.entity.decoration.HangingEntity/]: Hanging entity at invalid position: BlockPos{x=77, y=-56, z=101}
[29Jan2026 00:49:56.413] [Worker-Main-2/ERROR] [net.minecraft.world.entity.decoration.HangingEntity/]: Hanging entity at invalid position: BlockPos{x=61, y=-56, z=87}
[29Jan2026 00:51:47.667] [Server thread/INFO] [net.minecraft.server.MinecraftServer/]: uekee340 was doomed to fall
[29Jan2026 00:52:07.484] [Server thread/INFO] [net.minecraft.server.MinecraftServer/]: king_by2002 was slain by Rotting Stalker
[29Jan2026 00:52:51.941] [Server thread/INFO] [net.minecraft.server.MinecraftServer/]: uekee340 fell from a high place
[29Jan2026 00:58:31.808] [Server thread/INFO] [net.minecraft.server.MinecraftServer/]: uekee340 fell from a high place
[29Jan2026 01:03:41.937] [Server thread/INFO] [net.minecraft.world.entity.npc.Villager/]: Villager Villager['Unemployed'/1925556, l='ServerLevel[world]', x=7.70, y=63.69, z=-173.30] died, message: 'Unemployed wilted away'
[29Jan2026 01:03:53.941] [Server thread/INFO] [net.minecraft.server.MinecraftServer/]: king_by2002 has made the advancement [Best Friends Forever]
[29Jan2026 01:04:08.669] [Server thread/INFO] [net.minecraft.server.players.PlayerList/]: iJFC[/127.193.42.188:53241] logged in with entity id 2390109 at (136.60395641677522, 68.0, 25.07314393087761)
[29Jan2026 01:04:08.677] [Server thread/INFO] [net.minecraft.server.MinecraftServer/]: iJFC joined the game
[29Jan2026 01:04:08.702] [Server thread/INFO] [Jade/]: Syncing config to iJFC (b55d212c-8aed-37df-8391-d5c8da7babdb)
[29Jan2026 01:04:21.855] [Server thread/INFO] [net.minecraft.server.MinecraftServer/]: [iJFC: Teleported iJFC to king_by2002]
[29Jan2026 01:04:34.996] [Worker-Main-1/ERROR] [net.minecraft.world.entity.decoration.HangingEntity/]: Hanging entity at invalid position: BlockPos{x=8, y=-59, z=79}
[29Jan2026 01:04:34.997] [Worker-Main-1/ERROR] [net.minecraft.world.entity.decoration.HangingEntity/]: Hanging entity at invalid position: BlockPos{x=8, y=-59, z=83}
[29Jan2026 01:04:34.997] [Worker-Main-1/ERROR] [net.minecraft.world.entity.decoration.HangingEntity/]: Hanging entity at invalid position: BlockPos{x=8, y=-59, z=87}
[29Jan2026 01:04:34.997] [Worker-Main-1/ERROR] [net.minecraft.world.entity.decoration.HangingEntity/]: Hanging entity at invalid position: BlockPos{x=8, y=-59, z=91}
[29Jan2026 01:04:35.092] [Worker-Main-3/ERROR] [net.minecraft.world.entity.decoration.HangingEntity/]: Hanging entity at invalid position: BlockPos{x=8, y=-59, z=95}
[29Jan2026 01:04:35.093] [Worker-Main-3/ERROR] [net.minecraft.world.entity.decoration.HangingEntity/]: Hanging entity at invalid position: BlockPos{x=8, y=-59, z=99}
[29Jan2026 01:04:35.093] [Worker-Main-3/ERROR] [net.minecraft.world.entity.decoration.HangingEntity/]: Hanging entity at invalid position: BlockPos{x=8, y=-59, z=103}
[29Jan2026 01:04:35.093] [Worker-Main-3/ERROR] [net.minecraft.world.entity.decoration.HangingEntity/]: Hanging entity at invalid position: BlockPos{x=8, y=-59, z=107}
[29Jan2026 01:04:35.122] [Worker-Main-3/ERROR] [net.minecraft.world.entity.decoration.HangingEntity/]: Hanging entity at invalid position: BlockPos{x=8, y=-59, z=111}
[29Jan2026 01:04:35.122] [Worker-Main-3/ERROR] [net.minecraft.world.entity.decoration.HangingEntity/]: Hanging entity at invalid position: BlockPos{x=8, y=-59, z=115}
[29Jan2026 01:04:35.123] [Worker-Main-3/ERROR] [net.minecraft.world.entity.decoration.HangingEntity/]: Hanging entity at invalid position: BlockPos{x=8, y=-59, z=119}
[29Jan2026 01:04:35.123] [Worker-Main-3/ERROR] [net.minecraft.world.entity.decoration.HangingEntity/]: Hanging entity at invalid position: BlockPos{x=8, y=-59, z=123}
[29Jan2026 01:04:50.523] [Server thread/INFO] [net.minecraft.server.MinecraftServer/]: iJFC has made the advancement [The Tear Of The Man]
[29Jan2026 01:05:00.880] [Server thread/INFO] [net.minecraft.server.MinecraftServer/]: king_by2002 has made the advancement [The Tear Of The Man]
[29Jan2026 01:05:13.643] [Worker-Main-1/ERROR] [net.minecraft.world.entity.decoration.HangingEntity/]: Hanging entity at invalid position: BlockPos{x=8, y=-59, z=79}
[29Jan2026 01:05:13.644] [Worker-Main-1/ERROR] [net.minecraft.world.entity.decoration.HangingEntity/]: Hanging entity at invalid position: BlockPos{x=8, y=-59, z=83}
[29Jan2026 01:05:13.645] [Worker-Main-1/ERROR] [net.minecraft.world.entity.decoration.HangingEntity/]: Hanging entity at invalid position: BlockPos{x=8, y=-59, z=87}
[29Jan2026 01:05:13.646] [Worker-Main-1/ERROR] [net.minecraft.world.entity.decoration.HangingEntity/]: Hanging entity at invalid position: BlockPos{x=8, y=-59, z=91}
[29Jan2026 01:05:13.688] [Worker-Main-3/ERROR] [net.minecraft.world.entity.decoration.HangingEntity/]: Hanging entity at invalid position: BlockPos{x=8, y=-59, z=95}
[29Jan2026 01:05:13.689] [Worker-Main-3/ERROR] [net.minecraft.world.entity.decoration.HangingEntity/]: Hanging entity at invalid position: BlockPos{x=8, y=-59, z=99}
[29Jan2026 01:05:13.689] [Worker-Main-3/ERROR] [net.minecraft.world.entity.decoration.HangingEntity/]: Hanging entity at invalid position: BlockPos{x=8, y=-59, z=103}
[29Jan2026 01:05:13.692] [Worker-Main-3/ERROR] [net.minecraft.world.entity.decoration.HangingEntity/]: Hanging entity at invalid position: BlockPos{x=8, y=-59, z=107}
[29Jan2026 01:08:15.444] [Server thread/INFO] [net.minecraft.server.network.ServerGamePacketListenerImpl/]: king_by2002 lost connection: Disconnected
[29Jan2026 01:08:15.445] [Server thread/INFO] [net.minecraft.server.MinecraftServer/]: king_by2002 left the game
[29Jan2026 01:09:44.407] [Worker-Main-1/ERROR] [net.minecraft.world.entity.decoration.HangingEntity/]: Hanging entity at invalid position: BlockPos{x=8, y=-59, z=79}
[29Jan2026 01:09:44.407] [Worker-Main-1/ERROR] [net.minecraft.world.entity.decoration.HangingEntity/]: Hanging entity at invalid position: BlockPos{x=8, y=-59, z=83}
[29Jan2026 01:09:44.407] [Worker-Main-1/ERROR] [net.minecraft.world.entity.decoration.HangingEntity/]: Hanging entity at invalid position: BlockPos{x=8, y=-59, z=87}
[29Jan2026 01:09:44.408] [Worker-Main-1/ERROR] [net.minecraft.world.entity.decoration.HangingEntity/]: Hanging entity at invalid position: BlockPos{x=8, y=-59, z=91}
[29Jan2026 01:09:46.339] [Worker-Main-3/ERROR] [net.minecraft.world.entity.decoration.HangingEntity/]: Hanging entity at invalid position: BlockPos{x=8, y=-59, z=95}
[29Jan2026 01:09:46.339] [Worker-Main-3/ERROR] [net.minecraft.world.entity.decoration.HangingEntity/]: Hanging entity at invalid position: BlockPos{x=8, y=-59, z=99}
[29Jan2026 01:09:46.340] [Worker-Main-3/ERROR] [net.minecraft.world.entity.decoration.HangingEntity/]: Hanging entity at invalid position: BlockPos{x=8, y=-59, z=103}
[29Jan2026 01:09:46.340] [Worker-Main-3/ERROR] [net.minecraft.world.entity.decoration.HangingEntity/]: Hanging entity at invalid position: BlockPos{x=8, y=-59, z=107}
[29Jan2026 01:09:48.560] [Worker-Main-1/ERROR] [net.minecraft.world.entity.decoration.HangingEntity/]: Hanging entity at invalid position: BlockPos{x=8, y=-59, z=95}
[29Jan2026 01:09:48.560] [Worker-Main-1/ERROR] [net.minecraft.world.entity.decoration.HangingEntity/]: Hanging entity at invalid position: BlockPos{x=8, y=-59, z=99}
[29Jan2026 01:09:48.561] [Worker-Main-1/ERROR] [net.minecraft.world.entity.decoration.HangingEntity/]: Hanging entity at invalid position: BlockPos{x=8, y=-59, z=103}
[29Jan2026 01:09:48.561] [Worker-Main-1/ERROR] [net.minecraft.world.entity.decoration.HangingEntity/]: Hanging entity at invalid position: BlockPos{x=8, y=-59, z=107}
[29Jan2026 01:09:48.565] [Worker-Main-2/ERROR] [net.minecraft.world.entity.decoration.HangingEntity/]: Hanging entity at invalid position: BlockPos{x=8, y=-59, z=79}
[29Jan2026 01:09:48.565] [Worker-Main-2/ERROR] [net.minecraft.world.entity.decoration.HangingEntity/]: Hanging entity at invalid position: BlockPos{x=8, y=-59, z=83}
[29Jan2026 01:09:48.566] [Worker-Main-2/ERROR] [net.minecraft.world.entity.decoration.HangingEntity/]: Hanging entity at invalid position: BlockPos{x=8, y=-59, z=87}
[29Jan2026 01:09:48.566] [Worker-Main-2/ERROR] [net.minecraft.world.entity.decoration.HangingEntity/]: Hanging entity at invalid position: BlockPos{x=8, y=-59, z=91}
[29Jan2026 01:09:48.570] [Worker-Main-3/ERROR] [net.minecraft.world.entity.decoration.HangingEntity/]: Hanging entity at invalid position: BlockPos{x=8, y=-59, z=111}
[29Jan2026 01:09:48.570] [Worker-Main-3/ERROR] [net.minecraft.world.entity.decoration.HangingEntity/]: Hanging entity at invalid position: BlockPos{x=8, y=-59, z=115}
[29Jan2026 01:09:48.570] [Worker-Main-3/ERROR] [net.minecraft.world.entity.decoration.HangingEntity/]: Hanging entity at invalid position: BlockPos{x=8, y=-59, z=119}
[29Jan2026 01:09:48.571] [Worker-Main-3/ERROR] [net.minecraft.world.entity.decoration.HangingEntity/]: Hanging entity at invalid position: BlockPos{x=8, y=-59, z=123}
[29Jan2026 01:09:48.678] [Worker-Main-3/ERROR] [net.minecraft.world.entity.decoration.HangingEntity/]: Hanging entity at invalid position: BlockPos{x=8, y=-59, z=111}
[29Jan2026 01:09:48.679] [Worker-Main-3/ERROR] [net.minecraft.world.entity.decoration.HangingEntity/]: Hanging entity at invalid position: BlockPos{x=8, y=-59, z=115}
[29Jan2026 01:09:48.679] [Worker-Main-3/ERROR] [net.minecraft.world.entity.decoration.HangingEntity/]: Hanging entity at invalid position: BlockPos{x=8, y=-59, z=119}
[29Jan2026 01:09:48.679] [Worker-Main-3/ERROR] [net.minecraft.world.entity.decoration.HangingEntity/]: Hanging entity at invalid position: BlockPos{x=8, y=-59, z=123}
[29Jan2026 01:09:48.822] [Worker-Main-3/ERROR] [net.minecraft.world.entity.decoration.HangingEntity/]: Hanging entity at invalid position: BlockPos{x=8, y=-59, z=115}
[29Jan2026 01:09:48.822] [Worker-Main-3/ERROR] [net.minecraft.world.entity.decoration.HangingEntity/]: Hanging entity at invalid position: BlockPos{x=8, y=-59, z=119}
[29Jan2026 01:09:48.823] [Worker-Main-3/ERROR] [net.minecraft.world.entity.decoration.HangingEntity/]: Hanging entity at invalid position: BlockPos{x=8, y=-59, z=123}
[29Jan2026 01:09:50.330] [Worker-Main-2/ERROR] [net.minecraft.world.entity.decoration.HangingEntity/]: Hanging entity at invalid position: BlockPos{x=8, y=-59, z=79}
[29Jan2026 01:09:50.330] [Worker-Main-2/ERROR] [net.minecraft.world.entity.decoration.HangingEntity/]: Hanging entity at invalid position: BlockPos{x=8, y=-59, z=83}
[29Jan2026 01:09:50.331] [Worker-Main-2/ERROR] [net.minecraft.world.entity.decoration.HangingEntity/]: Hanging entity at invalid position: BlockPos{x=8, y=-59, z=87}
[29Jan2026 01:09:50.331] [Worker-Main-2/ERROR] [net.minecraft.world.entity.decoration.HangingEntity/]: Hanging entity at invalid position: BlockPos{x=8, y=-59, z=91}
[29Jan2026 01:09:52.452] [Worker-Main-3/ERROR] [net.minecraft.world.entity.decoration.HangingEntity/]: Hanging entity at invalid position: BlockPos{x=8, y=-59, z=95}
[29Jan2026 01:09:52.452] [Worker-Main-3/ERROR] [net.minecraft.world.entity.decoration.HangingEntity/]: Hanging entity at invalid position: BlockPos{x=8, y=-59, z=99}
[29Jan2026 01:09:52.452] [Worker-Main-3/ERROR] [net.minecraft.world.entity.decoration.HangingEntity/]: Hanging entity at invalid position: BlockPos{x=8, y=-59, z=103}
[29Jan2026 01:09:52.452] [Worker-Main-3/ERROR] [net.minecraft.world.entity.decoration.HangingEntity/]: Hanging entity at invalid position: BlockPos{x=8, y=-59, z=107}
[29Jan2026 01:09:53.541] [Worker-Main-3/ERROR] [net.minecraft.world.entity.decoration.HangingEntity/]: Hanging entity at invalid position: BlockPos{x=8, y=-59, z=111}
[29Jan2026 01:09:53.542] [Worker-Main-3/ERROR] [net.minecraft.world.entity.decoration.HangingEntity/]: Hanging entity at invalid position: BlockPos{x=8, y=-59, z=115}
[29Jan2026 01:09:53.542] [Worker-Main-3/ERROR] [net.minecraft.world.entity.decoration.HangingEntity/]: Hanging entity at invalid position: BlockPos{x=8, y=-59, z=119}
[29Jan2026 01:09:53.543] [Worker-Main-3/ERROR] [net.minecraft.world.entity.decoration.HangingEntity/]: Hanging entity at invalid position: BlockPos{x=8, y=-59, z=123}
[29Jan2026 01:09:56.151] [Worker-Main-1/ERROR] [net.minecraft.world.entity.decoration.HangingEntity/]: Hanging entity at invalid position: BlockPos{x=8, y=-59, z=111}
[29Jan2026 01:09:56.152] [Worker-Main-1/ERROR] [net.minecraft.world.entity.decoration.HangingEntity/]: Hanging entity at invalid position: BlockPos{x=8, y=-59, z=115}
[29Jan2026 01:09:56.152] [Worker-Main-1/ERROR] [net.minecraft.world.entity.decoration.HangingEntity/]: Hanging entity at invalid position: BlockPos{x=8, y=-59, z=119}
[29Jan2026 01:09:56.152] [Worker-Main-1/ERROR] [net.minecraft.world.entity.decoration.HangingEntity/]: Hanging entity at invalid position: BlockPos{x=8, y=-59, z=123}
[29Jan2026 01:09:58.362] [Worker-Main-2/ERROR] [net.minecraft.world.entity.decoration.HangingEntity/]: Hanging entity at invalid position: BlockPos{x=8, y=-59, z=95}
[29Jan2026 01:09:58.362] [Worker-Main-2/ERROR] [net.minecraft.world.entity.decoration.HangingEntity/]: Hanging entity at invalid position: BlockPos{x=8, y=-59, z=99}
[29Jan2026 01:09:58.362] [Worker-Main-2/ERROR] [net.minecraft.world.entity.decoration.HangingEntity/]: Hanging entity at invalid position: BlockPos{x=8, y=-59, z=103}
[29Jan2026 01:09:58.363] [Worker-Main-2/ERROR] [net.minecraft.world.entity.decoration.HangingEntity/]: Hanging entity at invalid position: BlockPos{x=8, y=-59, z=107}
[29Jan2026 01:09:59.348] [Worker-Main-3/ERROR] [net.minecraft.world.entity.decoration.HangingEntity/]: Hanging entity at invalid position: BlockPos{x=8, y=-59, z=79}
[29Jan2026 01:09:59.348] [Worker-Main-3/ERROR] [net.minecraft.world.entity.decoration.HangingEntity/]: Hanging entity at invalid position: BlockPos{x=8, y=-59, z=83}
[29Jan2026 01:09:59.349] [Worker-Main-3/ERROR] [net.minecraft.world.entity.decoration.HangingEntity/]: Hanging entity at invalid position: BlockPos{x=8, y=-59, z=87}
[29Jan2026 01:09:59.349] [Worker-Main-3/ERROR] [net.minecraft.world.entity.decoration.HangingEntity/]: Hanging entity at invalid position: BlockPos{x=8, y=-59, z=91}
[29Jan2026 01:10:08.047] [Worker-Main-3/ERROR] [net.minecraft.world.entity.decoration.HangingEntity/]: Hanging entity at invalid position: BlockPos{x=8, y=-59, z=99}
[29Jan2026 01:10:08.047] [Worker-Main-3/ERROR] [net.minecraft.world.entity.decoration.HangingEntity/]: Hanging entity at invalid position: BlockPos{x=8, y=-59, z=103}
[29Jan2026 01:10:08.048] [Worker-Main-3/ERROR] [net.minecraft.world.entity.decoration.HangingEntity/]: Hanging entity at invalid position: BlockPos{x=8, y=-59, z=107}
[29Jan2026 01:10:08.048] [Worker-Main-3/ERROR] [net.minecraft.world.entity.decoration.HangingEntity/]: Hanging entity at invalid position: BlockPos{x=8, y=-59, z=111}
[29Jan2026 01:12:32.710] [Server thread/WARN] [net.minecraft.server.network.ServerGamePacketListenerImpl/]: Boat (vehicle of uekee340) moved too quickly! -4.666087990610947,0.0,9.286500913683994
[29Jan2026 01:12:32.711] [Server thread/WARN] [net.minecraft.server.network.ServerGamePacketListenerImpl/]: Boat (vehicle of uekee340) moved too quickly! -4.848092607649676,0.0,9.642637285375713
[29Jan2026 01:12:32.711] [Server thread/WARN] [net.minecraft.server.network.ServerGamePacketListenerImpl/]: Boat (vehicle of uekee340) moved too quickly! -5.030164954557449,0.0,9.998744740571965
[29Jan2026 01:13:56.448] [Server thread/INFO] [net.minecraft.server.network.ServerGamePacketListenerImpl/]: uekee340 lost connection: Disconnected
[29Jan2026 01:13:56.448] [Server thread/INFO] [net.minecraft.server.MinecraftServer/]: uekee340 left the game
[29Jan2026 01:14:13.881] [Server thread/INFO] [net.minecraft.server.network.ServerGamePacketListenerImpl/]: iJFC lost connection: Disconnected
[29Jan2026 01:14:13.882] [Server thread/INFO] [net.minecraft.server.MinecraftServer/]: iJFC left the game
[29Jan2026 01:14:41.421] [Server thread/INFO] [net.minecraft.server.players.PlayerList/]: iJFC[/127.193.42.188:50039] logged in with entity id 2674528 at (1016.514573115841, 72.0, 451.63630743850695)
[29Jan2026 01:14:41.430] [Server thread/INFO] [net.minecraft.server.MinecraftServer/]: iJFC joined the game
[29Jan2026 01:14:41.434] [Server thread/INFO] [Jade/]: Syncing config to iJFC (b55d212c-8aed-37df-8391-d5c8da7babdb)
[29Jan2026 01:14:45.557] [Server thread/INFO] [net.minecraft.server.MinecraftServer/]: [iJFC: Stopping the server]
[29Jan2026 01:14:45.566] [Server thread/INFO] [net.minecraft.server.MinecraftServer/]: Stopping server
[29Jan2026 01:14:45.567] [Server thread/INFO] [net.minecraft.server.MinecraftServer/]: Saving players
[29Jan2026 01:14:45.571] [Server thread/INFO] [net.minecraft.server.network.ServerGamePacketListenerImpl/]: iJFC lost connection: Disconnected
[29Jan2026 01:14:45.571] [Server thread/INFO] [net.minecraft.server.MinecraftServer/]: iJFC left the game
[29Jan2026 01:14:45.574] [Server thread/INFO] [net.minecraft.server.MinecraftServer/]: Saving worlds
[29Jan2026 01:14:46.625] [Server thread/INFO] [net.minecraft.server.MinecraftServer/]: Saving chunks for level 'ServerLevel[world]'/minecraft:overworld
[29Jan2026 01:14:49.351] [Server thread/INFO] [net.minecraft.server.MinecraftServer/]: Saving chunks for level 'ServerLevel[world]'/minecraft:the_end
[29Jan2026 01:14:49.351] [Server thread/INFO] [net.minecraft.server.MinecraftServer/]: Saving chunks for level 'ServerLevel[world]'/lostcities:lostcity
[29Jan2026 01:14:49.352] [Server thread/INFO] [net.minecraft.server.MinecraftServer/]: Saving chunks for level 'ServerLevel[world]'/minecraft:the_nether
[29Jan2026 01:14:49.354] [Server thread/INFO] [net.minecraft.server.MinecraftServer/]: Saving chunks for level 'ServerLevel[world]'/witherstormmod:bowels
[29Jan2026 01:14:49.368] [Server thread/INFO] [net.minecraft.server.MinecraftServer/]: ThreadedAnvilChunkStorage (world): All chunks are saved
[29Jan2026 01:14:49.368] [Server thread/INFO] [net.minecraft.server.MinecraftServer/]: ThreadedAnvilChunkStorage (DIM1): All chunks are saved
[29Jan2026 01:14:49.369] [Server thread/INFO] [net.minecraft.server.MinecraftServer/]: ThreadedAnvilChunkStorage (lostcity): All chunks are saved
[29Jan2026 01:14:49.369] [Server thread/INFO] [net.minecraft.server.MinecraftServer/]: ThreadedAnvilChunkStorage (DIM-1): All chunks are saved
[29Jan2026 01:14:49.369] [Server thread/INFO] [net.minecraft.server.MinecraftServer/]: ThreadedAnvilChunkStorage (bowels): All chunks are saved
[29Jan2026 01:14:49.369] [Server thread/INFO] [net.minecraft.server.MinecraftServer/]: ThreadedAnvilChunkStorage: All dimensions are saved
